<?xml version="1.0" encoding="UTF-8"?>
<!-- Generated by org.testng.reporters.JUnitReportReporter -->
<testsuite hostname="Lab-637618506674516131-1" failures="0" tests="2" name="Group1.Artifact1.HomePage" time="12.270" errors="0" timestamp="13 Sep 2021 20:42:16 GMT" skipped="0">
  <testcase classname="Group1.Artifact1.HomePage" name="Trial1" time="4.851"/>
  <testcase classname="Group1.Artifact1.HomePage" name="Trial1" time="7.419"/>
</testsuite> <!-- Group1.Artifact1.HomePage -->
